<?xml version="1.0" encoding="UTF-8"?>
<testng-results skipped="0" failed="0" ignored="0" total="1" passed="1">
  <reporter-output>
  </reporter-output>
  <suite name="Default suite" duration-ms="17094" started-at="2021-12-17T16:43:46 IST" finished-at="2021-12-17T16:44:03 IST">
    <groups>
    </groups>
    <test name="Default test" duration-ms="17094" started-at="2021-12-17T16:43:46 IST" finished-at="2021-12-17T16:44:03 IST">
      <class name="TestNG.Marcury2_TestNG">
        <test-method status="PASS" signature="openBrowser()[pri:0, instance:TestNG.Marcury2_TestNG@631330c]" name="openBrowser" is-config="true" duration-ms="4951" started-at="2021-12-17T16:43:41 IST" finished-at="2021-12-17T16:43:46 IST">
          <reporter-output>
          </reporter-output>
        </test-method> <!-- openBrowser -->
        <test-method status="PASS" signature="EnterApplicatiobURL()[pri:0, instance:TestNG.Marcury2_TestNG@631330c]" name="EnterApplicatiobURL" is-config="true" duration-ms="5435" started-at="2021-12-17T16:43:46 IST" finished-at="2021-12-17T16:43:51 IST">
          <reporter-output>
          </reporter-output>
        </test-method> <!-- EnterApplicatiobURL -->
        <test-method status="PASS" signature="MaximizeWindow()[pri:0, instance:TestNG.Marcury2_TestNG@631330c]" name="MaximizeWindow" is-config="true" duration-ms="362" started-at="2021-12-17T16:43:51 IST" finished-at="2021-12-17T16:43:51 IST">
          <reporter-output>
          </reporter-output>
        </test-method> <!-- MaximizeWindow -->
        <test-method status="PASS" signature="beforeMethod()[pri:0, instance:TestNG.Marcury2_TestNG@631330c]" name="beforeMethod" is-config="true" duration-ms="105" started-at="2021-12-17T16:43:51 IST" finished-at="2021-12-17T16:43:52 IST">
          <reporter-output>
          </reporter-output>
        </test-method> <!-- beforeMethod -->
        <test-method status="PASS" signature="loginwithvalddetails()[pri:0, instance:TestNG.Marcury2_TestNG@631330c]" name="loginwithvalddetails" duration-ms="8670" started-at="2021-12-17T16:43:52 IST" finished-at="2021-12-17T16:44:00 IST">
          <reporter-output>
          </reporter-output>
        </test-method> <!-- loginwithvalddetails -->
        <test-method status="PASS" signature="TakesScreenshot()[pri:0, instance:TestNG.Marcury2_TestNG@631330c]" name="TakesScreenshot" is-config="true" duration-ms="904" started-at="2021-12-17T16:44:00 IST" finished-at="2021-12-17T16:44:01 IST">
          <reporter-output>
          </reporter-output>
        </test-method> <!-- TakesScreenshot -->
        <test-method status="PASS" signature="DeleteCookies()[pri:0, instance:TestNG.Marcury2_TestNG@631330c]" name="DeleteCookies" is-config="true" duration-ms="1490" started-at="2021-12-17T16:44:01 IST" finished-at="2021-12-17T16:44:03 IST">
          <reporter-output>
          </reporter-output>
        </test-method> <!-- DeleteCookies -->
        <test-method status="PASS" signature="dbConnectionClose()[pri:0, instance:TestNG.Marcury2_TestNG@631330c]" name="dbConnectionClose" is-config="true" duration-ms="1" started-at="2021-12-17T16:44:03 IST" finished-at="2021-12-17T16:44:03 IST">
          <reporter-output>
          </reporter-output>
        </test-method> <!-- dbConnectionClose -->
        <test-method status="PASS" signature="CloseBrowser()[pri:0, instance:TestNG.Marcury2_TestNG@631330c]" name="CloseBrowser" is-config="true" duration-ms="0" started-at="2021-12-17T16:44:03 IST" finished-at="2021-12-17T16:44:03 IST">
          <reporter-output>
          </reporter-output>
        </test-method> <!-- CloseBrowser -->
      </class> <!-- TestNG.Marcury2_TestNG -->
    </test> <!-- Default test -->
  </suite> <!-- Default suite -->
</testng-results>
